\BOOKMARK [0][-]{chapter.1}{\376\377\000I\000n\000t\000r\000o\000d\000u\000c\000t\000i\000o\000n}{}% 1
\BOOKMARK [0][-]{chapter.2}{\376\377\000B\000a\000c\000k\000g\000r\000o\000u\000n\000d}{}% 2
\BOOKMARK [1][-]{section.2.1}{\376\377\000W\000e\000s\000t\000e\000r\000n\000\040\000a\000n\000d\000\040\000E\000a\000s\000t\000e\000r\000n\000\040\000T\000h\000o\000u\000g\000h\000t}{chapter.2}% 3
\BOOKMARK [1][-]{section.2.2}{\376\377\000S\000e\000t\000s\000:\000\040\000G\000e\000o\000r\000g\000\040\000C\000a\000n\000t\000o\000r\000\040\000a\000n\000d\000\040\000O\000t\000h\000e\000r\000s}{chapter.2}% 4
\BOOKMARK [1][-]{section.2.3}{\376\377\000T\000h\000e\000\040\000R\000o\000l\000e\000\040\000o\000f\000\040\000F\000o\000c\000i}{chapter.2}% 5
\BOOKMARK [1][-]{section.2.4}{\376\377\000E\000a\000r\000l\000y\000\040\000A\000t\000t\000e\000m\000p\000t\000s\000\040\000a\000t\000\040\000C\000o\000n\000t\000i\000n\000u\000a\000:\000\040\000C\000a\000n\000t\000o\000r\000,\000\040\000D\000e\000d\000e\000k\000i\000n\000d\000,\000\040\000a\000n\000d\000\040\000O\000t\000h\000e\000r\000s}{chapter.2}% 6
\BOOKMARK [1][-]{section.2.5}{\376\377\000C\000o\000n\000t\000i\000n\000u\000a\000:\000\040\000C\000h\000a\000r\000l\000e\000s\000\040\000P\000e\000i\000r\000c\000e}{chapter.2}% 7
\BOOKMARK [1][-]{section.2.6}{\376\377\000F\000o\000l\000d\000s\000:\000\040\000D\000e\000l\000e\000u\000z\000e}{chapter.2}% 8
\BOOKMARK [0][-]{chapter.3}{\376\377\000C\000o\000n\000t\000i\000n\000u\000u\000m\000\040\000F\000o\000c\000i\000\040\000L\000o\000g\000i\000c\000\040\000a\000n\000d\000\040\000T\000h\000e\000o\000r\000y}{}% 9
\BOOKMARK [1][-]{subsection.3.0.1}{\376\377\000P\000r\000e\000l\000i\000m\000i\000n\000a\000r\000i\000e\000s}{chapter.3}% 10
\BOOKMARK [1][-]{section.3.1}{\376\377\000A\000x\000i\000o\000m\000s}{chapter.3}% 11
\BOOKMARK [1][-]{section.3.2}{\376\377\000F\000u\000n\000d\000a\000m\000e\000n\000t\000a\000l\000\040\000P\000r\000o\000p\000e\000r\000t\000i\000e\000s}{chapter.3}% 12
\BOOKMARK [1][-]{section.3.3}{\376\377\000K\000e\000y\000\040\000I\000m\000p\000l\000i\000c\000a\000t\000i\000o\000n\000s}{chapter.3}% 13
\BOOKMARK [0][-]{chapter.4}{\376\377\000T\000h\000e\000\040\000W\000e\000l\000k\000i\000n\000\040\000S\000t\000a\000n\000d\000a\000r\000d}{}% 14
\BOOKMARK [1][-]{section.4.1}{\376\377\000P\000r\000e\000l\000i\000m\000i\000n\000a\000r\000i\000e\000s}{chapter.4}% 15
\BOOKMARK [2][-]{subsection.4.1.1}{\376\377\000C\000h\000a\000r\000a\000c\000t\000e\000r\000\040\000E\000n\000c\000o\000d\000i\000n\000g\000s}{section.4.1}% 16
\BOOKMARK [2][-]{subsection.4.1.2}{\376\377\000E\000B\000N\000F\000\040\000V\000a\000r\000i\000a\000n\000t}{section.4.1}% 17
\BOOKMARK [1][-]{section.4.2}{\376\377\000T\000h\000e\000\040\000W\000e\000l\000k\000i\000n\000\040\000L\000a\000n\000g\000u\000a\000g\000e}{chapter.4}% 18
\BOOKMARK [2][-]{subsection.4.2.1}{\376\377\000M\000i\000n\000i\000m\000a\000l\000\040\000G\000r\000a\000m\000m\000a\000r}{section.4.2}% 19
\BOOKMARK [2][-]{subsection.4.2.2}{\376\377\000S\000t\000a\000n\000d\000a\000r\000d\000\040\000G\000r\000a\000m\000m\000a\000r}{section.4.2}% 20
\BOOKMARK [1][-]{section.4.3}{\376\377\000C\000u\000s\000t\000o\000m\000i\000z\000a\000t\000i\000o\000n}{chapter.4}% 21
\BOOKMARK [2][-]{subsection.4.3.1}{\376\377\000I\000n\000t\000e\000r\000f\000a\000c\000e\000s}{section.4.3}% 22
\BOOKMARK [2][-]{subsection.4.3.2}{\376\377\000S\000e\000m\000a\000n\000t\000i\000c\000s}{section.4.3}% 23
\BOOKMARK [1][-]{section.4.4}{\376\377\000G\000e\000n\000e\000r\000a\000l\000\040\000A\000p\000p\000l\000i\000c\000a\000t\000i\000o\000n\000\040\000B\000e\000h\000a\000v\000i\000o\000r\000\040\000\050\000A\000P\000I\000\051}{chapter.4}% 24
\BOOKMARK [2][-]{subsection.4.4.1}{\376\377\000I\000n\000t\000e\000r\000f\000a\000c\000e\000s}{section.4.4}% 25
\BOOKMARK [2][-]{subsection.4.4.2}{\376\377\000C\000u\000s\000t\000o\000m\000i\000z\000a\000t\000i\000o\000n}{section.4.4}% 26
\BOOKMARK [1][-]{section.4.5}{\376\377\000C\000o\000r\000e\000\040\000A\000l\000g\000o\000r\000i\000t\000h\000m\000s}{chapter.4}% 27
\BOOKMARK [2][-]{subsection.4.5.1}{\376\377\000G\000r\000a\000p\000h\000\040\000E\000n\000c\000o\000d\000i\000n\000g\000\040\000A\000l\000g\000o\000r\000i\000t\000h\000m}{section.4.5}% 28
\BOOKMARK [2][-]{subsection.4.5.2}{}{section.4.5}% 29
\BOOKMARK [0][-]{chapter.5}{\376\377\000E\000x\000p\000a\000n\000d\000i\000n\000g\000\040\000C\000o\000m\000p\000l\000e\000x\000i\000t\000y}{}% 30
